###############################################################################
#                                                                             #
# IAR C/C++ Compiler V1.30.1.50036 for STM8             28/Oct/2019  21:00:25 #
# Copyright 2010-2011 IAR Systems AB.                                         #
#                                                                             #
#    Source file  =  F:\单片机例程\1.程序\IAP\IAP---已测试【2019.7.15】\STM8L #
#                    152R8T6\STM8L152R8T6_IAP_APP\SDCARD\FSCTR.c              #
#    Command line =  F:\单片机例程\1.程序\IAP\IAP---已测试【2019.7.15】\STM8L #
#                    152R8T6\STM8L152R8T6_IAP_APP\SDCARD\FSCTR.c -e -Ol       #
#                    --no_cse --no_unroll --no_inline --no_code_motion        #
#                    --no_tbaa --no_cross_call --debug --code_model medium    #
#                    --data_model medium -o F:\单片机例程\1.程序\IAP\IAP---已 #
#                    测试【2019.7.15】\STM8L152R8T6\STM8L152R8T6_IAP_APP\Debu #
#                    g\Obj\ --dlib_config "D:\Program Files (x86)\IAR         #
#                    Systems\Embedded Workbench 6.0\stm8\LIB\dlstm8mmn.h"     #
#                    -lcN F:\单片机例程\1.程序\IAP\IAP---已测试【2019.7.15】\ #
#                    STM8L152R8T6\STM8L152R8T6_IAP_APP\Debug\List\ -I         #
#                    F:\单片机例程\1.程序\IAP\IAP---已测试【2019.7.15】\STM8L #
#                    152R8T6\STM8L152R8T6_IAP_APP\ -I                         #
#                    F:\单片机例程\1.程序\IAP\IAP---已测试【2019.7.15】\STM8L #
#                    152R8T6\STM8L152R8T6_IAP_APP\SDCARD\ -I                  #
#                    F:\单片机例程\1.程序\IAP\IAP---已测试【2019.7.15】\STM8L #
#                    152R8T6\STM8L152R8T6_IAP_APP\src\ --vregs 16             #
#    List file    =  F:\单片机例程\1.程序\IAP\IAP---已测试【2019.7.15】\STM8L #
#                    152R8T6\STM8L152R8T6_IAP_APP\Debug\List\FSCTR.lst        #
#    Object file  =  F:\单片机例程\1.程序\IAP\IAP---已测试【2019.7.15】\STM8L #
#                    152R8T6\STM8L152R8T6_IAP_APP\Debug\Obj\FSCTR.o           #
#                                                                             #
#                                                                             #
###############################################################################

F:\单片机例程\1.程序\IAP\IAP---已测试【2019.7.15】\STM8L152R8T6\STM8L152R8T6_IAP_APP\SDCARD\FSCTR.c
      1          #include<iostm8l152R8.h>
      2          #include "spi.h"
      3          #include "mmc_sd.h"
      4          #include "ff.h"  
      5          
      6          #include "OLED.h"
      7          
      8          
      9          FATFS file;
     10          FIL fil;
     11          UINT w;
     12          unsigned char bufftest[]={"已经正式下达，这则名为《关于进一步加强电视上星综合频道节目管理的通知》"};
     13          unsigned char res;
     14          
     15          
     16          void FSCTR(void)
     17          {
     18            f_mount(&file,"0:",1);
     19            res = f_open(&fil,"李超英.txt",FA_CREATE_ALWAYS|FA_WRITE);
     20            if(res == FR_OK)
     21            {
     22              do
     23              {
     24                res = f_write(&fil,bufftest,sizeof(bufftest),&w);
     25                res = f_write(&fil,bufftest,sizeof(bufftest),&w);
     26                res = f_write(&fil,bufftest,sizeof(bufftest),&w);
     27              }
     28              while(0);
     29            }
     30            f_close(&fil);
     31           
     32            LED_P8x16Char(0,3,'O');
     33            LED_P8x16Char(8,3,'K');
     34            LED_P8x16Char(50,3,'O');
     35            LED_P8x16Char(58,3,'K');
     36          }

   Section sizes:

     Function/Label                             Bytes
     --------------                             -----
     file                                        558
     fil                                          32
     w                                             2
     bufftest                                     71
     res                                           1
     FSCTR                                       170
     ?<Constant "0:">                              3
     ?<Constant "\300\356\263\254\323\242.txt">   11

 
 170 bytes in section .far_func.text
 593 bytes in section .near.bss
  71 bytes in section .near.data
  14 bytes in section .near.rodata
 
 170 bytes of CODE  memory
  14 bytes of CONST memory
 664 bytes of DATA  memory

Errors: none
Warnings: none
