###############################################################################
#                                                                             #
# IAR C/C++ Compiler V1.30.1.50036 for STM8             28/Oct/2019  21:00:26 #
# Copyright 2010-2011 IAR Systems AB.                                         #
#                                                                             #
#    Source file  =  F:\单片机例程\1.程序\IAP\IAP---已测试【2019.7.15】\STM8L #
#                    152R8T6\STM8L152R8T6_IAP_APP\main.c                      #
#    Command line =  F:\单片机例程\1.程序\IAP\IAP---已测试【2019.7.15】\STM8L #
#                    152R8T6\STM8L152R8T6_IAP_APP\main.c -e -Ol --no_cse      #
#                    --no_unroll --no_inline --no_code_motion --no_tbaa       #
#                    --no_cross_call --debug --code_model medium              #
#                    --data_model medium -o F:\单片机例程\1.程序\IAP\IAP---已 #
#                    测试【2019.7.15】\STM8L152R8T6\STM8L152R8T6_IAP_APP\Debu #
#                    g\Obj\ --dlib_config "D:\Program Files (x86)\IAR         #
#                    Systems\Embedded Workbench 6.0\stm8\LIB\dlstm8mmn.h"     #
#                    -lcN F:\单片机例程\1.程序\IAP\IAP---已测试【2019.7.15】\ #
#                    STM8L152R8T6\STM8L152R8T6_IAP_APP\Debug\List\ -I         #
#                    F:\单片机例程\1.程序\IAP\IAP---已测试【2019.7.15】\STM8L #
#                    152R8T6\STM8L152R8T6_IAP_APP\ -I                         #
#                    F:\单片机例程\1.程序\IAP\IAP---已测试【2019.7.15】\STM8L #
#                    152R8T6\STM8L152R8T6_IAP_APP\SDCARD\ -I                  #
#                    F:\单片机例程\1.程序\IAP\IAP---已测试【2019.7.15】\STM8L #
#                    152R8T6\STM8L152R8T6_IAP_APP\src\ --vregs 16             #
#    List file    =  F:\单片机例程\1.程序\IAP\IAP---已测试【2019.7.15】\STM8L #
#                    152R8T6\STM8L152R8T6_IAP_APP\Debug\List\main.lst         #
#    Object file  =  F:\单片机例程\1.程序\IAP\IAP---已测试【2019.7.15】\STM8L #
#                    152R8T6\STM8L152R8T6_IAP_APP\Debug\Obj\main.o            #
#                                                                             #
#                                                                             #
###############################################################################

F:\单片机例程\1.程序\IAP\IAP---已测试【2019.7.15】\STM8L152R8T6\STM8L152R8T6_IAP_APP\main.c
      1          /*    添加包含芯片的头文件    */
      2          #include<iostm8l152R8.h>  /*  头文件 */
      3          #include "OLED.h"
      4          #include "i2cds1307.h"
      5          #include "TSM12.h"
      6          #include "AT24C02.h"
      7          
      8          #include "mmc_sd.h"
      9          
     10          extern void FSCTR(void);
     11          
     12          extern uchar TIME[7];
     13          extern unsigned char TSM12_Value[3];
     14          extern uchar Key_Value;
     15          /*******************************************************************************
     16          **函数名称：void delay(unsigned int ms)     Name: void delay(unsigned int ms)
     17          **功能描述：大概延时
     18          **入口参数：unsigned int ms   输入大概延时数值
     19          **输出：无
     20          *******************************************************************************/
     21          void delay(unsigned int ms)
     22          {
     23            unsigned int x , y;
     24            for(x = ms; x > 0; x--)           /*  通过一定周期循环进行延时*/
     25              for(y = 1000 ; y > 0 ; y--);
     26          }
     27          
     28          /*******************************************************************************
     29          **函数名称：void ALL_LED_Init()
     30          **功能描述：初始化LED1、LED2、LED3控制引脚设置为输出
     31          **入口参数：无
     32          **输出：无
     33          *******************************************************************************/
     34          void ALL_LED_Init()
     35          {
     36             //LED1 GPIO  INIT
     37              PD_ODR_bit.ODR5=1;
     38              PD_DDR_bit.DDR5 = 1;    //设置端口PD->5的输入输出方向寄存器为输出方向
     39              PD_CR1_bit.C15 = 1;     //设置PD->5为推挽输出
     40              PD_CR2_bit.C25 = 1;     //设置PD->5的输出速率为10MHZ
     41              
     42              //LED2 GPIO  INIT
     43              PD_ODR_bit.ODR6=1;
     44              PD_DDR_bit.DDR6 = 1;    //设置端口PD->6的输入输出方向寄存器为输出方向
     45              PD_CR1_bit.C16 = 1;     //设置PD->6为推挽输出
     46              PD_CR2_bit.C26 = 1;     //设置PD->6的输出速率为10MHZ
     47              
     48              //LED3 GPIO  INIT
     49              PD_ODR_bit.ODR4=1;
     50              PD_DDR_bit.DDR4 = 1;    //设置端口PD->7的输入输出方向寄存器为输出方向
     51              PD_CR1_bit.C14 = 1;     //设置PD->7为推挽输出
     52              PD_CR2_bit.C24 = 1;     //设置PD->7的输出速率为10MHZ
     53              
     54              
     55              
     56              
     57              
     58          }
     59          /* 主函数 */
     60          int main(void)
     61          {
     62            asm("sim");
     63            CLK_CKDIVR = 0x00;      //内部时钟为1分频 = 16Mhz
     64            ALL_LED_Init();         //调用所有LED灯初始化函数
     65            
     66            delay(1000);
     67            //IIC2402_Init();
     68            //SD_SPI_Init();
     69            OLED_Init();
     70            Ds1302Init();
     71            //TSM12_IIC_Init();
     72            TSM12_Init();
     73            
     74            //FSCTR();
     75            
     76            //asm("rim");
     77            //I2C_AT24C02_Test();
     78            while(1)
     79            {
     80              Ds1302ReadTime();
     81              LED_P8x16Char(0,0,'0'+TIME[2]/16);
     82              LED_P8x16Char(8,0,'0'+TIME[2]%16);
     83              
     84              LED_P8x16Char(24,0,'0'+TIME[1]/16);
     85              LED_P8x16Char(32,0,'0'+TIME[1]%16);
     86              
     87              LED_P8x16Char(48,0,'0'+TIME[0]/16);
     88              LED_P8x16Char(56,0,'0'+TIME[0]%16);
     89              //TSM_Write_Byte(0xd0,0x55);
     90              
     91              //TSM12_Init();
     92              TSM12_GET_Key();
     93              
     94              LED_P8x16Char(0,2,'0'+TSM12_Value[0]/100);
     95              LED_P8x16Char(8,2,'0'+TSM12_Value[0]/10);
     96              LED_P8x16Char(16,2,'0'+TSM12_Value[0]%10);
     97              
     98              LED_P8x16Char(32,2,'0'+TSM12_Value[1]/100);
     99              LED_P8x16Char(40,2,'0'+TSM12_Value[1]/10);
    100              LED_P8x16Char(48,2,'0'+TSM12_Value[1]%10);
    101              
    102              LED_P8x16Char(64,2,'0'+TSM12_Value[2]/100);
    103              LED_P8x16Char(72,2,'0'+TSM12_Value[2]/10);
    104              LED_P8x16Char(80,2,'0'+TSM12_Value[2]%10);
    105              
    106              LED_P8x16Char(0,1,'0'+Key_Value/10);
    107              LED_P8x16Char(8,1,'0'+Key_Value%10);
    108              
    109              delay(1000);           //大概周期延时
    110            }
    111          }

   Section sizes:

     Function/Label Bytes
     -------------- -----
     _A_PD_ODR         1
     _A_PD_DDR         1
     _A_PD_CR1         1
     _A_PD_CR2         1
     _A_CLK_CKDIVR     1
     delay            19
     ALL_LED_Init     49
     main            483

 
 551 bytes in section .far_func.text
   5 bytes in section .near.noinit
 
 551 bytes of CODE memory
   0 bytes of DATA memory (+ 5 bytes shared)

Errors: none
Warnings: none
